#
# A fatal error has been detected by the Java Runtime Environment:
#
#  EXCEPTION_ACCESS_VIOLATION (0xc0000005) at pc=0x000000006c7aa6b9, pid=7480, tid=10232
#
# JRE version: Java(TM) SE Runtime Environment (8.0_31-b13) (build 1.8.0_31-b13)
# Java VM: Java HotSpot(TM) 64-Bit Server VM (25.31-b07 mixed mode windows-amd64 compressed oops)
# Problematic frame:
# V  [jvm.dll+0x11a6b9]
#
# Failed to write core dump. Minidumps are not enabled by default on client versions of Windows
#
# If you would like to submit a bug report, please visit:
#   http://bugreport.java.com/bugreport/crash.jsp
#

---------------  T H R E A D  ---------------

Current thread (0x00000000588ae800):  JavaThread "JDWP Transport Listener: dt_socket" daemon [_thread_in_vm, id=10232, stack(0x0000000059230000,0x0000000059330000)]

siginfo: ExceptionCode=0xc0000005, reading address 0x000000000d98cd98

Registers:
RAX=0x000000005932f301, RBX=0x0000000065752aa8, RCX=0x0000000065752aa8, RDX=0x000000000d98cd88
RSP=0x000000005932f2f0, RBP=0x0000000000000056, RSI=0x000000005cb5fc48, RDI=0x00000000023591b0
R8 =0x00000000588ae800, R9 =0x000000005cb5fc48, R10=0x00000000000000ec, R11=0x000000005932f350
R12=0x0000000000000001, R13=0x0000000000000000, R14=0x0000000000000000, R15=0x0000000000000000
RIP=0x000000006c7aa6b9, EFLAGS=0x0000000000010206

Top of Stack: (sp=0x000000005932f2f0)
0x000000005932f2f0:   00000000573b1dc0 000000007404146e
0x000000005932f300:   0000000000000000 000000005c325a50
0x000000005932f310:   00000000588ae800 000000006c9b7c79
0x000000005932f320:   000000005740e480 000000005932f3e8
0x000000005932f330:   00000000588ae800 000000006c8280e5
0x000000005932f340:   00000000588ae800 0000000000000000
0x000000005932f350:   0000000000000000 0000000000000000
0x000000005932f360:   000000005c325a50 0000000074040cc1
0x000000005932f370:   0000000000000000 000000005932f502
0x000000005932f380:   0000000000000001 00000000588b4868
0x000000005932f390:   000000005c325a10 000000007404113d
0x000000005932f3a0:   0000000000000000 000000005cb5fc48
0x000000005932f3b0:   0000000000000056 000000005faa2e60
0x000000005932f3c0:   0000000074049b68 0000000074041c9d
0x000000005932f3d0:   000000005c325a10 0000000000000001
0x000000005932f3e0:   0000000000000000 0000000000000001 

Instructions: (pc=0x000000006c7aa6b9)
0x000000006c7aa699:   33 c0 48 83 c4 28 c3 48 89 5c 24 20 48 8b 19 48
0x000000006c7aa6a9:   85 db 74 20 48 83 fb 37 74 1a 48 8b 13 48 8b cb
0x000000006c7aa6b9:   ff 52 10 84 c0 74 0d 48 8b c3 48 8b 5c 24 20 48
0x000000006c7aa6c9:   83 c4 28 c3 33 c0 48 8b 5c 24 20 48 83 c4 28 c3 


Register to memory mapping:

RAX=0x000000005932f301 is pointing into the stack for thread: 0x00000000588ae800
RBX=0x0000000065752aa8 is pointing into metadata
RCX=0x0000000065752aa8 is pointing into metadata
RDX=0x000000000d98cd88 is an unknown value
RSP=0x000000005932f2f0 is pointing into the stack for thread: 0x00000000588ae800
RBP=0x0000000000000056 is an unknown value
RSI=0x000000005cb5fc48 is an unknown value
RDI=0x00000000023591b0 is an unknown value
R8 =0x00000000588ae800 is a thread
R9 =0x000000005cb5fc48 is an unknown value
R10=0x00000000000000ec is an unknown value
R11=0x000000005932f350 is pointing into the stack for thread: 0x00000000588ae800
R12=0x0000000000000001 is an unknown value
R13=0x0000000000000000 is an unknown value
R14=0x0000000000000000 is an unknown value
R15=0x0000000000000000 is an unknown value


Stack: [0x0000000059230000,0x0000000059330000],  sp=0x000000005932f2f0,  free space=1020k
Native frames: (J=compiled Java code, j=interpreted, Vv=VM code, C=native code)
V  [jvm.dll+0x11a6b9]
V  [jvm.dll+0x327c79]
C  [jdwp.dll+0x10cc1]
C  [jdwp.dll+0x1113d]
C  [jdwp.dll+0x11c9d]
C  [jdwp.dll+0x3eab]
C  [jdwp.dll+0xf09c]
C  [jdwp.dll+0x1f2c9]
C  [jdwp.dll+0x1f49e]
V  [jvm.dll+0x1ac128]
V  [jvm.dll+0x22c194]
V  [jvm.dll+0x28576a]
C  [msvcr100.dll+0x21d9f]
C  [msvcr100.dll+0x21e3b]
C  [kernel32.dll+0x159cd]
C  [ntdll.dll+0x2a561]


---------------  P R O C E S S  ---------------

Java Threads: ( => current thread )
  0x000000005c939800 JavaThread "Thread-77" [_thread_blocked, id=7396, stack(0x000000005ebe0000,0x000000005ece0000)]
  0x0000000061dee000 JavaThread "pollingConfigurationSource" daemon [_thread_blocked, id=6788, stack(0x000000005bba0000,0x000000005bca0000)]
  0x000000005c3d3000 JavaThread "localhost-startStop-1" daemon [_thread_blocked, id=6736, stack(0x0000000065010000,0x0000000065110000)]
  0x000000005c3d5000 JavaThread "Tomcat-startStop-1" daemon [_thread_blocked, id=11172, stack(0x0000000063840000,0x0000000063940000)]
  0x000000005c935000 JavaThread "Log4j2-TF-42-Scheduled-8" daemon [_thread_blocked, id=10680, stack(0x000000005b890000,0x000000005b990000)]
  0x0000000061def000 JavaThread "pollingConfigurationSource" daemon [_thread_blocked, id=4240, stack(0x0000000064ee0000,0x0000000064fe0000)]
  0x000000005f6ef000 JavaThread "pollingConfigurationSource" daemon [_thread_blocked, id=1672, stack(0x0000000065460000,0x0000000065560000)]
  0x0000000061ded800 JavaThread "pollingConfigurationSource" daemon [_thread_blocked, id=10792, stack(0x0000000065120000,0x0000000065220000)]
  0x000000005c3d2000 JavaThread "pollingConfigurationSource" daemon [_thread_blocked, id=2336, stack(0x0000000065230000,0x0000000065330000)]
  0x000000005c3cf000 JavaThread "http-nio-7001-exec-1" daemon [_thread_blocked, id=7696, stack(0x0000000068860000,0x0000000068960000)]
  0x000000005f6f0800 JavaThread "pollingConfigurationSource" daemon [_thread_blocked, id=8496, stack(0x0000000065960000,0x0000000065a60000)]
  0x0000000061def800 JavaThread "pollingConfigurationSource" daemon [_thread_blocked, id=11068, stack(0x0000000060f10000,0x0000000061010000)]
  0x0000000063cbb000 JavaThread "PollingServerListUpdater-1" daemon [_thread_blocked, id=11204, stack(0x0000000060980000,0x0000000060a80000)]
  0x000000005c937800 JavaThread "DataPublisher" daemon [_thread_blocked, id=8752, stack(0x0000000068170000,0x0000000068270000)]
  0x000000005c936800 JavaThread "PollingServerListUpdater-0" daemon [_thread_blocked, id=8912, stack(0x0000000068060000,0x0000000068160000)]
  0x000000005c936000 JavaThread "DestroyJavaVM" [_thread_blocked, id=8744, stack(0x00000000027a0000,0x00000000028a0000)]
  0x0000000063727000 JavaThread "pollingConfigurationSource" daemon [_thread_blocked, id=8716, stack(0x0000000064dc0000,0x0000000064ec0000)]
  0x000000005894c000 JavaThread "Service Thread" daemon [_thread_blocked, id=9560, stack(0x0000000059880000,0x0000000059980000)]
  0x0000000058917800 JavaThread "C1 CompilerThread2" daemon [_thread_blocked, id=6704, stack(0x0000000059bc0000,0x0000000059cc0000)]
  0x00000000588cd000 JavaThread "C2 CompilerThread1" daemon [_thread_blocked, id=7800, stack(0x0000000059a50000,0x0000000059b50000)]
  0x00000000588c7000 JavaThread "C2 CompilerThread0" daemon [_thread_blocked, id=8636, stack(0x0000000059760000,0x0000000059860000)]
  0x00000000588b6000 JavaThread "JDWP Command Reader" daemon [_thread_in_native, id=9548, stack(0x0000000059090000,0x0000000059190000)]
  0x00000000588b2800 JavaThread "JDWP Event Helper Thread" daemon [_thread_blocked, id=10488, stack(0x00000000594e0000,0x00000000595e0000)]
=>0x00000000588ae800 JavaThread "JDWP Transport Listener: dt_socket" daemon [_thread_in_vm, id=10232, stack(0x0000000059230000,0x0000000059330000)]
  0x0000000058893800 JavaThread "Attach Listener" daemon [_thread_blocked, id=8160, stack(0x0000000058de0000,0x0000000058ee0000)]
  0x0000000057408000 JavaThread "Signal Dispatcher" daemon [_thread_blocked, id=9332, stack(0x0000000058c90000,0x0000000058d90000)]
  0x00000000573ad800 JavaThread "Finalizer" daemon [_thread_blocked, id=11080, stack(0x0000000058780000,0x0000000058880000)]
  0x00000000573a4800 JavaThread "Reference Handler" daemon [_thread_blocked, id=9464, stack(0x0000000058530000,0x0000000058630000)]

Other Threads:
  0x00000000573a1000 VMThread [stack: 0x00000000583e0000,0x00000000584e0000] [id=9712]
  0x000000005894d000 WatcherThread [stack: 0x0000000059d70000,0x0000000059e70000] [id=6488]

VM state:synchronizing (normal execution)

VM Mutex/Monitor currently owned by a thread:  ([mutex/lock_event])
[0x000000000239e380] Threads_lock - owner thread: 0x00000000573a1000

Heap:
 PSYoungGen      total 653824K, used 4083K [0x00000000d6e00000, 0x0000000100000000, 0x0000000100000000)
  eden space 634368K, 0% used [0x00000000d6e00000,0x00000000d71fcf38,0x00000000fd980000)
  from space 19456K, 0% used [0x00000000fd980000,0x00000000fd980000,0x00000000fec80000)
  to   space 19456K, 0% used [0x00000000fed00000,0x00000000fed00000,0x0000000100000000)
 ParOldGen       total 152064K, used 73726K [0x0000000084a00000, 0x000000008de80000, 0x00000000d6e00000)
  object space 152064K, 48% used [0x0000000084a00000,0x00000000891ff838,0x000000008de80000)
 Metaspace       used 61654K, capacity 63964K, committed 64176K, reserved 1105920K
  class space    used 7300K, capacity 7773K, committed 7856K, reserved 1048576K

Card table byte_map: [0x0000000011c60000,0x0000000012040000] byte_map_base: 0x000000001183b000

Marking Bits: (ParMarkBitMap*) 0x000000006ce6d4f0
 Begin Bits: [0x0000000012880000, 0x0000000014758000)
 End Bits:   [0x0000000014758000, 0x0000000016630000)

Polling page: 0x0000000000450000

CodeCache: size=245760Kb used=35347Kb max_used=35393Kb free=210412Kb
 bounds [0x00000000028a0000, 0x0000000004b70000, 0x00000000118a0000]
 total_blobs=8278 nmethods=7784 adapters=414
 compilation: enabled

Compilation events (10 events):
Event: 499.504 Thread 0x0000000058917800 10224   !   3       java.nio.channels.spi.AbstractSelectableChannel::implCloseChannel (72 bytes)
Event: 499.505 Thread 0x0000000058917800 nmethod 10224 0x0000000002de1210 code [0x0000000002de13c0, 0x0000000002de19b8]
Event: 499.506 Thread 0x0000000058917800 10223   !   3       java.nio.channels.spi.AbstractSelectableChannel::isRegistered (27 bytes)
Event: 499.507 Thread 0x0000000058917800 nmethod 10223 0x0000000003172b50 code [0x0000000003172cc0, 0x0000000003173010]
Event: 499.509 Thread 0x0000000058917800 10225       3       java.lang.Exception::<init> (5 bytes)
Event: 499.510 Thread 0x0000000058917800 nmethod 10225 0x0000000004b3b510 code [0x0000000004b3b680, 0x0000000004b3b9a8]
Event: 500.001 Thread 0x0000000058917800 10226       3       java.util.ResourceBundle::getObject (82 bytes)
Event: 500.002 Thread 0x0000000058917800 nmethod 10226 0x00000000031dde50 code [0x00000000031de0c0, 0x00000000031df158]
Event: 500.005 Thread 0x0000000058917800 10227       1       org.apache.catalina.core.StandardContext::isUseNaming (5 bytes)
Event: 500.005 Thread 0x0000000058917800 nmethod 10227 0x0000000002de0ed0 code [0x0000000002de1020, 0x0000000002de1130]

GC Heap History (10 events):
Event: 457.372 GC heap before
{Heap before GC invocations=29 (full 7):
 PSYoungGen      total 654336K, used 5444K [0x00000000d6e00000, 0x0000000100000000, 0x0000000100000000)
  eden space 634368K, 0% used [0x00000000d6e00000,0x00000000d6e00000,0x00000000fd980000)
  from space 19968K, 27% used [0x00000000fec80000,0x00000000ff1d1280,0x0000000100000000)
  to   space 19456K, 0% used [0x00000000fd980000,0x00000000fd980000,0x00000000fec80000)
 ParOldGen       total 73728K, used 51681K [0x0000000084a00000, 0x0000000089200000, 0x00000000d6e00000)
  object space 73728K, 70% used [0x0000000084a00000,0x0000000087c786a8,0x0000000089200000)
 Metaspace       used 58591K, capacity 60040K, committed 60080K, reserved 1101824K
  class space    used 7018K, capacity 7312K, committed 7344K, reserved 1048576K
Event: 457.831 GC heap after
Heap after GC invocations=29 (full 7):
 PSYoungGen      total 654336K, used 0K [0x00000000d6e00000, 0x0000000100000000, 0x0000000100000000)
  eden space 634368K, 0% used [0x00000000d6e00000,0x00000000d6e00000,0x00000000fd980000)
  from space 19968K, 0% used [0x00000000fec80000,0x00000000fec80000,0x0000000100000000)
  to   space 19456K, 0% used [0x00000000fd980000,0x00000000fd980000,0x00000000fec80000)
 ParOldGen       total 73728K, used 56382K [0x0000000084a00000, 0x0000000089200000, 0x00000000d6e00000)
  object space 73728K, 76% used [0x0000000084a00000,0x000000008810f860,0x0000000089200000)
 Metaspace       used 58588K, capacity 60034K, committed 60080K, reserved 1101824K
  class space    used 7017K, capacity 7310K, committed 7344K, reserved 1048576K
}
Event: 475.417 GC heap before
{Heap before GC invocations=30 (full 7):
 PSYoungGen      total 654336K, used 634123K [0x00000000d6e00000, 0x0000000100000000, 0x0000000100000000)
  eden space 634368K, 99% used [0x00000000d6e00000,0x00000000fd942f48,0x00000000fd980000)
  from space 19968K, 0% used [0x00000000fec80000,0x00000000fec80000,0x0000000100000000)
  to   space 19456K, 0% used [0x00000000fd980000,0x00000000fd980000,0x00000000fec80000)
 ParOldGen       total 73728K, used 56382K [0x0000000084a00000, 0x0000000089200000, 0x00000000d6e00000)
  object space 73728K, 76% used [0x0000000084a00000,0x000000008810f860,0x0000000089200000)
 Metaspace       used 59650K, capacity 61456K, committed 61616K, reserved 1103872K
  class space    used 7116K, capacity 7489K, committed 7600K, reserved 1048576K
Event: 475.458 GC heap after
Heap after GC invocations=30 (full 7):
 PSYoungGen      total 653824K, used 11523K [0x00000000d6e00000, 0x0000000100000000, 0x0000000100000000)
  eden space 634368K, 0% used [0x00000000d6e00000,0x00000000d6e00000,0x00000000fd980000)
  from space 19456K, 59% used [0x00000000fd980000,0x00000000fe4c0ff0,0x00000000fec80000)
  to   space 19456K, 0% used [0x00000000fed00000,0x00000000fed00000,0x0000000100000000)
 ParOldGen       total 73728K, used 56390K [0x0000000084a00000, 0x0000000089200000, 0x00000000d6e00000)
  object space 73728K, 76% used [0x0000000084a00000,0x0000000088111860,0x0000000089200000)
 Metaspace       used 59650K, capacity 61456K, committed 61616K, reserved 1103872K
  class space    used 7116K, capacity 7489K, committed 7600K, reserved 1048576K
}
Event: 475.458 GC heap before
{Heap before GC invocations=31 (full 8):
 PSYoungGen      total 653824K, used 11523K [0x00000000d6e00000, 0x0000000100000000, 0x0000000100000000)
  eden space 634368K, 0% used [0x00000000d6e00000,0x00000000d6e00000,0x00000000fd980000)
  from space 19456K, 59% used [0x00000000fd980000,0x00000000fe4c0ff0,0x00000000fec80000)
  to   space 19456K, 0% used [0x00000000fed00000,0x00000000fed00000,0x0000000100000000)
 ParOldGen       total 73728K, used 56390K [0x0000000084a00000, 0x0000000089200000, 0x00000000d6e00000)
  object space 73728K, 76% used [0x0000000084a00000,0x0000000088111860,0x0000000089200000)
 Metaspace       used 59650K, capacity 61456K, committed 61616K, reserved 1103872K
  class space    used 7116K, capacity 7489K, committed 7600K, reserved 1048576K
Event: 475.939 GC heap after
Heap after GC invocations=31 (full 8):
 PSYoungGen      total 653824K, used 0K [0x00000000d6e00000, 0x0000000100000000, 0x0000000100000000)
  eden space 634368K, 0% used [0x00000000d6e00000,0x00000000d6e00000,0x00000000fd980000)
  from space 19456K, 0% used [0x00000000fd980000,0x00000000fd980000,0x00000000fec80000)
  to   space 19456K, 0% used [0x00000000fed00000,0x00000000fed00000,0x0000000100000000)
 ParOldGen       total 73728K, used 66915K [0x0000000084a00000, 0x0000000089200000, 0x00000000d6e00000)
  object space 73728K, 90% used [0x0000000084a00000,0x0000000088b58e38,0x0000000089200000)
 Metaspace       used 59647K, capacity 61450K, committed 61616K, reserved 1103872K
  class space    used 7116K, capacity 7487K, committed 7600K, reserved 1048576K
}
Event: 488.187 GC heap before
{Heap before GC invocations=32 (full 9):
 PSYoungGen      total 653824K, used 630806K [0x00000000d6e00000, 0x0000000100000000, 0x0000000100000000)
  eden space 634368K, 99% used [0x00000000d6e00000,0x00000000fd605880,0x00000000fd980000)
  from space 19456K, 0% used [0x00000000fd980000,0x00000000fd980000,0x00000000fec80000)
  to   space 19456K, 0% used [0x00000000fed00000,0x00000000fed00000,0x0000000100000000)
 ParOldGen       total 73728K, used 66915K [0x0000000084a00000, 0x0000000089200000, 0x00000000d6e00000)
  object space 73728K, 90% used [0x0000000084a00000,0x0000000088b58e38,0x0000000089200000)
 Metaspace       used 60328K, capacity 62198K, committed 62384K, reserved 1103872K
  class space    used 7166K, capacity 7575K, committed 7600K, reserved 1048576K
Event: 488.649 GC heap after
Heap after GC invocations=32 (full 9):
 PSYoungGen      total 653824K, used 0K [0x00000000d6e00000, 0x0000000100000000, 0x0000000100000000)
  eden space 634368K, 0% used [0x00000000d6e00000,0x00000000d6e00000,0x00000000fd980000)
  from space 19456K, 0% used [0x00000000fd980000,0x00000000fd980000,0x00000000fec80000)
  to   space 19456K, 0% used [0x00000000fed00000,0x00000000fed00000,0x0000000100000000)
 ParOldGen       total 73728K, used 71543K [0x0000000084a00000, 0x0000000089200000, 0x00000000d6e00000)
  object space 73728K, 97% used [0x0000000084a00000,0x0000000088fddca0,0x0000000089200000)
 Metaspace       used 60325K, capacity 62192K, committed 62384K, reserved 1103872K
  class space    used 7165K, capacity 7573K, committed 7600K, reserved 1048576K
}
Event: 500.007 GC heap before
{Heap before GC invocations=33 (full 10):
 PSYoungGen      total 653824K, used 634368K [0x00000000d6e00000, 0x0000000100000000, 0x0000000100000000)
  eden space 634368K, 100% used [0x00000000d6e00000,0x00000000fd980000,0x00000000fd980000)
  from space 19456K, 0% used [0x00000000fd980000,0x00000000fd980000,0x00000000fec80000)
  to   space 19456K, 0% used [0x00000000fed00000,0x00000000fed00000,0x0000000100000000)
 ParOldGen       total 73728K, used 71543K [0x0000000084a00000, 0x0000000089200000, 0x00000000d6e00000)
  object space 73728K, 97% used [0x0000000084a00000,0x0000000088fddca0,0x0000000089200000)
 Metaspace       used 61653K, capacity 63964K, committed 64176K, reserved 1105920K
  class space    used 7300K, capacity 7773K, committed 7856K, reserved 1048576K
Event: 500.757 GC heap after
Heap after GC invocations=33 (full 10):
 PSYoungGen      total 653824K, used 2759K [0x00000000d6e00000, 0x0000000100000000, 0x0000000100000000)
  eden space 634368K, 0% used [0x00000000d6e00000,0x00000000d70b1de8,0x00000000fd980000)
  from space 19456K, 0% used [0x00000000fd980000,0x00000000fd980000,0x00000000fec80000)
  to   space 19456K, 0% used [0x00000000fed00000,0x00000000fed00000,0x0000000100000000)
 ParOldGen       total 152064K, used 73726K [0x0000000084a00000, 0x000000008de80000, 0x00000000d6e00000)
  object space 152064K, 48% used [0x0000000084a00000,0x00000000891ff838,0x000000008de80000)
 Metaspace       used 61653K, capacity 63964K, committed 64176K, reserved 1105920K
  class space    used 7300K, capacity 7773K, committed 7856K, reserved 1048576K
}

Deoptimization events (10 events):
Event: 498.212 Thread 0x0000000061df1000 Uncommon trap: reason=unhandled action=none pc=0x000000000309ba20 method=java.net.URLClassLoader$1.run()Ljava/lang/Class; @ 72
Event: 498.212 Thread 0x0000000061df1000 Uncommon trap: reason=unhandled action=none pc=0x000000000309ba20 method=java.net.URLClassLoader$1.run()Ljava/lang/Class; @ 72
Event: 498.212 Thread 0x0000000061df1000 Uncommon trap: reason=unhandled action=none pc=0x000000000309ba20 method=java.net.URLClassLoader$1.run()Ljava/lang/Class; @ 72
Event: 498.213 Thread 0x0000000061df1000 Uncommon trap: reason=unhandled action=none pc=0x000000000309ba20 method=java.net.URLClassLoader$1.run()Ljava/lang/Class; @ 72
Event: 498.257 Thread 0x000000005c939800 Uncommon trap: reason=unhandled action=none pc=0x000000000309ba20 method=java.net.URLClassLoader$1.run()Ljava/lang/Class; @ 72
Event: 499.501 Thread 0x0000000061df2000 Uncommon trap: reason=unhandled action=none pc=0x000000000309ba20 method=java.net.URLClassLoader$1.run()Ljava/lang/Class; @ 72
Event: 499.501 Thread 0x0000000061df2000 Uncommon trap: reason=unhandled action=none pc=0x000000000309ba20 method=java.net.URLClassLoader$1.run()Ljava/lang/Class; @ 72
Event: 499.501 Thread 0x0000000061df2000 Uncommon trap: reason=unhandled action=none pc=0x000000000309ba20 method=java.net.URLClassLoader$1.run()Ljava/lang/Class; @ 72
Event: 499.501 Thread 0x0000000061df2000 Uncommon trap: reason=unhandled action=none pc=0x000000000309ba20 method=java.net.URLClassLoader$1.run()Ljava/lang/Class; @ 72
Event: 499.502 Thread 0x0000000061df2000 Uncommon trap: reason=unhandled action=none pc=0x000000000309ba20 method=java.net.URLClassLoader$1.run()Ljava/lang/Class; @ 72

Internal exceptions (10 events):
Event: 498.257 Thread 0x000000005c939800 Exception <a 'java/security/PrivilegedActionException'> (0x00000000fd85e448) thrown at [C:\workspace\8-2-build-windows-amd64-cygwin\jdk8u31\2394\hotspot\src\share\vm\prims\jvm.cpp, line 1312]
Event: 499.497 Thread 0x000000005f6ed800 Exception <a 'java/lang/InterruptedException': sleep interrupted> (0x00000000f7e0c4e0) thrown at [C:\workspace\8-2-build-windows-amd64-cygwin\jdk8u31\2394\hotspot\src\share\vm\prims\jvm.cpp, line 3141]
Event: 499.501 Thread 0x0000000061df2000 Exception <a 'java/security/PrivilegedActionException'> (0x00000000f7da18b8) thrown at [C:\workspace\8-2-build-windows-amd64-cygwin\jdk8u31\2394\hotspot\src\share\vm\prims\jvm.cpp, line 1312]
Event: 499.501 Thread 0x0000000061df2000 Exception <a 'java/security/PrivilegedActionException'> (0x00000000f7da3728) thrown at [C:\workspace\8-2-build-windows-amd64-cygwin\jdk8u31\2394\hotspot\src\share\vm\prims\jvm.cpp, line 1312]
Event: 499.501 Thread 0x0000000061df2000 Exception <a 'java/security/PrivilegedActionException'> (0x00000000f7da5368) thrown at [C:\workspace\8-2-build-windows-amd64-cygwin\jdk8u31\2394\hotspot\src\share\vm\prims\jvm.cpp, line 1312]
Event: 499.501 Thread 0x0000000061df2000 Exception <a 'java/security/PrivilegedActionException'> (0x00000000f7da7140) thrown at [C:\workspace\8-2-build-windows-amd64-cygwin\jdk8u31\2394\hotspot\src\share\vm\prims\jvm.cpp, line 1312]
Event: 499.502 Thread 0x0000000061df2000 Exception <a 'java/security/PrivilegedActionException'> (0x00000000f7da8fb8) thrown at [C:\workspace\8-2-build-windows-amd64-cygwin\jdk8u31\2394\hotspot\src\share\vm\prims\jvm.cpp, line 1312]
Event: 499.509 Thread 0x000000005f6ec800 Exception <a 'java/lang/InterruptedException': sleep interrupted> (0x00000000fd92aa20) thrown at [C:\workspace\8-2-build-windows-amd64-cygwin\jdk8u31\2394\hotspot\src\share\vm\prims\jvm.cpp, line 3141]
Event: 499.997 Thread 0x000000005c3d3800 Exception <a 'java/lang/InterruptedException': sleep interrupted> (0x00000000ed511048) thrown at [C:\workspace\8-2-build-windows-amd64-cygwin\jdk8u31\2394\hotspot\src\share\vm\prims\jvm.cpp, line 3141]
Event: 500.757 Thread 0x000000005c3d6000 Exception <a 'java/lang/InterruptedException': sleep interrupted> (0x00000000d70b1e38) thrown at [C:\workspace\8-2-build-windows-amd64-cygwin\jdk8u31\2394\hotspot\src\share\vm\prims\jvm.cpp, line 3141]

Events (10 events):
Event: 500.806 Executing VM operation: RevokeBias done
Event: 500.806 Executing VM operation: RevokeBias
Event: 500.806 Executing VM operation: RevokeBias done
Event: 500.806 Executing VM operation: RevokeBias
Event: 500.806 Executing VM operation: RevokeBias done
Event: 500.806 Executing VM operation: RevokeBias
Event: 500.806 Executing VM operation: RevokeBias done
Event: 500.806 Executing VM operation: RevokeBias
Event: 500.806 Executing VM operation: RevokeBias done
Event: 500.807 Executing VM operation: RevokeBias


Dynamic libraries:
0x000000013f810000 - 0x000000013f844000 	C:\Program Files\Java\jdk1.8.0_31\bin\javaw.exe
0x0000000077bf0000 - 0x0000000077d9a000 	C:\Windows\SYSTEM32\ntdll.dll
0x00000000779d0000 - 0x0000000077aef000 	C:\Windows\system32\kernel32.dll
0x000007fefda10000 - 0x000007fefda7a000 	C:\Windows\system32\KERNELBASE.dll
0x000007fefebc0000 - 0x000007fefec9b000 	C:\Windows\system32\ADVAPI32.dll
0x000007feffd30000 - 0x000007feffdcf000 	C:\Windows\system32\msvcrt.dll
0x000007fefe1c0000 - 0x000007fefe1df000 	C:\Windows\SYSTEM32\sechost.dll
0x000007fefddc0000 - 0x000007fefdeed000 	C:\Windows\system32\RPCRT4.dll
0x0000000077af0000 - 0x0000000077bea000 	C:\Windows\system32\USER32.dll
0x000007fefe1e0000 - 0x000007fefe247000 	C:\Windows\system32\GDI32.dll
0x000007fefe430000 - 0x000007fefe43e000 	C:\Windows\system32\LPK.dll
0x000007feffc60000 - 0x000007feffd2b000 	C:\Windows\system32\USP10.dll
0x000007fefc370000 - 0x000007fefc564000 	C:\Windows\WinSxS\amd64_microsoft.windows.common-controls_6595b64144ccf1df_6.0.7601.18837_none_fa3b1e3d17594757\COMCTL32.dll
0x000007fefe670000 - 0x000007fefe6e1000 	C:\Windows\system32\SHLWAPI.dll
0x000007fefe640000 - 0x000007fefe66e000 	C:\Windows\system32\IMM32.DLL
0x000007feffdf0000 - 0x000007feffef9000 	C:\Windows\system32\MSCTF.dll
0x00000000740f0000 - 0x00000000741c2000 	C:\Program Files\Java\jdk1.8.0_31\jre\bin\msvcr100.dll
0x000000006c690000 - 0x000000006ceea000 	C:\Program Files\Java\jdk1.8.0_31\jre\bin\server\jvm.dll
0x000007fef8820000 - 0x000007fef8829000 	C:\Windows\system32\WSOCK32.dll
0x000007fefea20000 - 0x000007fefea6d000 	C:\Windows\system32\WS2_32.dll
0x000007fefea70000 - 0x000007fefea78000 	C:\Windows\system32\NSI.dll
0x000007fefb3a0000 - 0x000007fefb3db000 	C:\Windows\system32\WINMM.dll
0x0000000077db0000 - 0x0000000077db7000 	C:\Windows\system32\PSAPI.DLL
0x0000000070500000 - 0x000000007050f000 	C:\Program Files\Java\jdk1.8.0_31\jre\bin\verify.dll
0x00000000704d0000 - 0x00000000704f8000 	C:\Program Files\Java\jdk1.8.0_31\jre\bin\java.dll
0x0000000074030000 - 0x0000000074065000 	C:\Program Files\Java\jdk1.8.0_31\jre\bin\jdwp.dll
0x0000000074290000 - 0x0000000074298000 	C:\Program Files\Java\jdk1.8.0_31\jre\bin\npt.dll
0x0000000070030000 - 0x0000000070046000 	C:\Program Files\Java\jdk1.8.0_31\jre\bin\zip.dll
0x000007fefed40000 - 0x000007feffaca000 	C:\Windows\system32\SHELL32.dll
0x000007fefe440000 - 0x000007fefe63c000 	C:\Windows\system32\ole32.dll
0x000007fefd8f0000 - 0x000007fefd8ff000 	C:\Windows\system32\profapi.dll
0x0000000074300000 - 0x0000000074309000 	C:\Program Files\Java\jdk1.8.0_31\jre\bin\dt_socket.dll
0x000007fefb380000 - 0x000007fefb395000 	C:\Windows\system32\NLAapi.dll
0x000007fef6f00000 - 0x000007fef6f15000 	C:\Windows\system32\napinsp.dll
0x000007fef6ee0000 - 0x000007fef6ef9000 	C:\Windows\system32\pnrpnsp.dll
0x000007fefd080000 - 0x000007fefd0d5000 	C:\Windows\System32\mswsock.dll
0x000007fefcf00000 - 0x000007fefcf5b000 	C:\Windows\system32\DNSAPI.dll
0x000007fef6ed0000 - 0x000007fef6edb000 	C:\Windows\System32\winrnr.dll
0x0000000070f80000 - 0x0000000070fa6000 	C:\Program Files\Bonjour\mdnsNSP.dll
0x000007fefc1a0000 - 0x000007fefc1c7000 	C:\Windows\system32\Iphlpapi.DLL
0x000007fefc190000 - 0x000007fefc19b000 	C:\Windows\system32\WINNSI.DLL
0x000007fefac90000 - 0x000007feface3000 	C:\Windows\System32\fwpuclnt.dll
0x000007fef5930000 - 0x000007fef5938000 	C:\Windows\system32\rasadhlp.dll
0x000007fefcb10000 - 0x000007fefcb17000 	C:\Windows\System32\wshtcpip.dll
0x0000000074320000 - 0x000000007432d000 	C:\Program Files\Java\jdk1.8.0_31\jre\bin\management.dll
0x0000000070010000 - 0x000000007002a000 	C:\Program Files\Java\jdk1.8.0_31\jre\bin\net.dll
0x000007fefd070000 - 0x000007fefd077000 	C:\Windows\System32\wship6.dll
0x000000006f3b0000 - 0x000000006f3c1000 	C:\Program Files\Java\jdk1.8.0_31\jre\bin\nio.dll
0x000007fefabf0000 - 0x000007fefac08000 	C:\Windows\system32\dhcpcsvc.DLL
0x000007fefabd0000 - 0x000007fefabe1000 	C:\Windows\system32\dhcpcsvc6.DLL
0x000007fefd0e0000 - 0x000007fefd0f8000 	C:\Windows\system32\CRYPTSP.dll
0x000007fefcde0000 - 0x000007fefce27000 	C:\Windows\system32\rsaenh.dll
0x000007fefda90000 - 0x000007fefdaae000 	C:\Windows\system32\USERENV.dll
0x000007fefd780000 - 0x000007fefd78f000 	C:\Windows\system32\CRYPTBASE.dll
0x000000006f380000 - 0x000000006f3a4000 	C:\Program Files\Java\jdk1.8.0_31\jre\bin\sunec.dll
0x000007fef76a0000 - 0x000007fef77c5000 	C:\Windows\system32\dbghelp.dll

VM Arguments:
jvm_args: -agentlib:jdwp=transport=dt_socket,suspend=y,address=localhost:56983 -Dfile.encoding=UTF-8 
java_command: com.huixiaoer.xxx.api.AppWebXxx
java_class_path (initial): D:\springboot_framework\xxx-web\target\classes;E:\mvnrepository\org\springframework\boot\spring-boot-starter-web\1.5.9.RELEASE\spring-boot-starter-web-1.5.9.RELEASE.jar;E:\mvnrepository\org\springframework\boot\spring-boot-starter\1.5.9.RELEASE\spring-boot-starter-1.5.9.RELEASE.jar;E:\mvnrepository\org\yaml\snakeyaml\1.17\snakeyaml-1.17.jar;E:\mvnrepository\org\springframework\boot\spring-boot-starter-tomcat\1.5.9.RELEASE\spring-boot-starter-tomcat-1.5.9.RELEASE.jar;E:\mvnrepository\org\apache\tomcat\embed\tomcat-embed-core\8.5.23\tomcat-embed-core-8.5.23.jar;E:\mvnrepository\org\apache\tomcat\tomcat-annotations-api\8.5.23\tomcat-annotations-api-8.5.23.jar;E:\mvnrepository\org\apache\tomcat\embed\tomcat-embed-el\8.5.23\tomcat-embed-el-8.5.23.jar;E:\mvnrepository\org\apache\tomcat\embed\tomcat-embed-websocket\8.5.23\tomcat-embed-websocket-8.5.23.jar;E:\mvnrepository\org\hibernate\hibernate-validator\5.3.6.Final\hibernate-validator-5.3.6.Final.jar;E:\mvnrepository\javax\validation\validation-api\1.1.0.Final\validation-api-1.1.0.Final.jar;E:\mvnrepository\org\jboss\logging\jboss-logging\3.3.1.Final\jboss-logging-3.3.1.Final.jar;E:\mvnrepository\com\fasterxml\jackson\core\jackson-databind\2.8.10\jackson-databind-2.8.10.jar;E:\mvnrepository\com\fasterxml\jackson\core\jackson-annotations\2.8.0\jackson-annotations-2.8.0.jar;E:\mvnrepository\com\fasterxml\jackson\core\jackson-core\2.8.10\jackson-core-2.8.10.jar;E:\mvnrepository\org\springframework\spring-web\4.3.13.RELEASE\spring-web-4.3.13.RELEASE.jar;E:\mvnrepository\org\springframework\spring-beans\4.3.13.RELEASE\spring-beans-4.3.13.RELEASE.jar;E:\mvnrepository\org\springframework\spring-context\4.3.13.RELEASE\spring-context-4.3.13.RELEASE.jar;E:\mvnrepository\org\springframework\spring-webmvc\4.3.13.RELEASE\spring-webmvc-4.3.13.RELEASE.jar;E:\mvnrepository\org\springframework\spring-expression\4.3.13.RELEASE\spring-expression-4.3.13.RELEASE.jar;E:\mvnrepository\org\springframework\boot\sprin
Launcher Type: SUN_STANDARD

Environment Variables:
JAVA_HOME=C:\Program Files\Java\jdk1.8.0_31
JRE_HOME=C:\Program Files\Java\jre7
PATH=C:\Program Files\Java\jdk1.8.0_31\jre\bin;C:/Program Files/Java/jdk1.8.0_31/jre/bin/server;C:/Program Files/Java/jdk1.8.0_31/jre/bin;C:/Program Files/Java/jdk1.8.0_31/jre/lib/amd64;D:\study\phantomjs-2.1.1-windows/bin;D:\opensources\gradle-3.0\bin;C:\Users\admin\AppData\Roaming\npm\node_modules;C:\Program Files\nodejs\bin;D:\opensources\ice3.6.3\bin;C:\Program Files (x86)\Python35-32;C:\Program Files (x86)\Python35-32\Scripts;D:/opensources/mysql-5.7.15-winx64/bin;C:\Program Files\Java\jdk1.8.0_31/bin;C:\ProgramData\Oracle\Java\javapath;D:\opensources\apache-ant-1.9.4/bin;D:\opensources\apache-maven-3.5.2/bin;C:\Windows\system32;C:\Windows;C:\Windows\System32\Wbem;C:\Windows\System32\WindowsPowerShell\v1.0\;C:\Program Files\Intel\WiFi\bin\;C:\Program Files\Common Files\Intel\WirelessCommon\;C:\Program Files\Lenovo\Fingerprint Manager Pro\;C:\Program Files\TortoiseSVN\bin;C:\Program Files\nodejs\;C:\Program Files\Git\cmd;D:\opensources\gradle-3.0\bin;C:\Users\admin\AppData\Roaming\npm\node_modules;C:\Program Files\nodejs\bin;D:\opensources\ice3.6.3\bin;C:\Program Files (x86)\Python35-32;C:\Program Files (x86)\Python35-32\Scripts;D:/opensources/mysql-5.7.15-winx64/bin;C:\Program Files\Java\jdk1.8.0_31/bin;C:\ProgramData\Oracle\Java\javapath;D:\opensources\apache-ant-1.9.4/bin;D:\opensources\apache-maven-3.2.3/bin;C:\Windows\system32;C:\Windows;C:\Windows\System32\Wbem;C:\Windows\System32\WindowsPowerShell\v1.0\;C:\Program Files\Intel\WiFi\bin\;C:\Program Files\Common Files\Intel\WirelessCommon\;C:\Program Files\Lenovo\Fingerprint Manager Pro\;C:\Program Files\TortoiseSVN\bin;C:\Program Files\Git\cmd;C:\Program Files\nodejs\;C:\Program Files (x86)\Cloudbility\CloudGateway\bin;C:\Users\admin\AppData\Roaming\npm;C:\Program Files (x86)\Fiddler2;C:\Windows\system32;
USERNAME=admin
OS=Windows_NT
PROCESSOR_IDENTIFIER=Intel64 Family 6 Model 69 Stepping 1, GenuineIntel



---------------  S Y S T E M  ---------------

OS: Windows 7 , 64 bit Build 7601 Service Pack 1

CPU:total 4 (2 cores per cpu, 2 threads per core) family 6 model 69 stepping 1, cmov, cx8, fxsr, mmx, sse, sse2, sse3, ssse3, sse4.1, sse4.2, popcnt, avx, avx2, aes, clmul, erms, lzcnt, ht, tsc, tscinvbit, bmi1, bmi2

Memory: 4k page, physical 8085184k(1696652k free), swap 16168508k(8664848k free)

vm_info: Java HotSpot(TM) 64-Bit Server VM (25.31-b07) for windows-amd64 JRE (1.8.0_31-b13), built on Dec 17 2014 21:00:28 by "java_re" with MS VC++ 10.0 (VS2010)

time: Sun Dec 17 12:55:30 2017
elapsed time: 500 seconds (0d 0h 8m 20s)

