#
# A fatal error has been detected by the Java Runtime Environment:
#
#  EXCEPTION_ACCESS_VIOLATION (0xc0000005) at pc=0x000000005da53492, pid=14064, tid=8748
#
# JRE version: Java(TM) SE Runtime Environment (8.0_31-b13) (build 1.8.0_31-b13)
# Java VM: Java HotSpot(TM) 64-Bit Server VM (25.31-b07 mixed mode windows-amd64 compressed oops)
# Problematic frame:
# V  [jvm.dll+0x1b3492]
#
# Failed to write core dump. Minidumps are not enabled by default on client versions of Windows
#
# If you would like to submit a bug report, please visit:
#   http://bugreport.java.com/bugreport/crash.jsp
#

---------------  T H R E A D  ---------------

Current thread (0x0000000058887800):  JavaThread "JDWP Transport Listener: dt_socket" daemon [_thread_in_vm, id=8748, stack(0x0000000059360000,0x0000000059460000)]

siginfo: ExceptionCode=0xc0000005, reading address 0x0000000000000020

Registers:
RAX=0x00000000612d2bb0, RBX=0x0000000000000005, RCX=0x0000000000000000, RDX=0x0000000000000001
RSP=0x000000005945f010, RBP=0x000000005945f110, RSI=0x0000000058887800, RDI=0x00000000615f1a60
R8 =0x0000000000000005, R9 =0x0000000000000001, R10=0x0000000000000003, R11=0x0000000000000001
R12=0x00000000686241b0, R13=0x0000000000007eff, R14=0x00000000615f1a58, R15=0x0000000068621ed0
RIP=0x000000005da53492, EFLAGS=0x0000000000010297

Top of Stack: (sp=0x000000005945f010)
0x000000005945f010:   0000000000000001 00000000615f1a30
0x000000005945f020:   0000000000340001 000000005c2fc230
0x000000005945f030:   000000005b113330 0000000000000000
0x000000005945f040:   0000000000000001 0000000000000001
0x000000005945f050:   0000000000000005 00000000615f1a60
0x000000005945f060:   0000000000000005 0000000068621ed0
0x000000005945f070:   0000000000000001 00000000615ef648
0x000000005945f080:   0000000000000005 00000000615f1a58
0x000000005945f090:   0000000058887800 0000000000000000
0x000000005945f0a0:   000000005f724a78 00000000615f0d80
0x000000005945f0b0:   0000000058887800 0000000100000001
0x000000005945f0c0:   0000000000000006 00596a2102ec00ff
0x000000005945f0d0:   0000000000000000 0000000000000000
0x000000005945f0e0:   00000000615f1a30 0000000068623408
0x000000005945f0f0:   0000000058887800 0000000100000001
0x000000005945f100:   0000000000000006 0000000058887800 

Instructions: (pc=0x000000005da53492)
0x000000005da53472:   24 58 4c 3b cb 7c 0d b8 02 00 00 00 44 8b d0 e9
0x000000005da53482:   5e 01 00 00 4d 8b 26 49 8b 4f 08 49 8b 44 24 08
0x000000005da53492:   0f b7 51 20 48 8b 49 08 44 0f b7 40 20 48 8b 40
0x000000005da534a2:   08 4a 8b 44 c0 50 48 39 44 d1 50 49 8b 44 24 08 


Register to memory mapping:

RAX=0x00000000612d2bb0 is pointing into metadata
RBX=0x0000000000000005 is an unknown value
RCX=0x0000000000000000 is an unknown value
RDX=0x0000000000000001 is an unknown value
RSP=0x000000005945f010 is pointing into the stack for thread: 0x0000000058887800
RBP=0x000000005945f110 is pointing into the stack for thread: 0x0000000058887800
RSI=0x0000000058887800 is a thread
RDI=0x00000000615f1a60 is pointing into metadata
R8 =0x0000000000000005 is an unknown value
R9 =0x0000000000000001 is an unknown value
R10=0x0000000000000003 is an unknown value
R11=0x0000000000000001 is an unknown value
R12={method} {0x00000000686241b8} 'login' '(Ljava/lang/String;Ljava/lang/String;Ljava/lang/String;Ljavax/servlet/http/HttpServletRequest;Ljavax/servlet/http/HttpServletResponse;)Lorg/springframework/http/ResponseEntity;' in 'com/huixiaoer/xxx/api/controller/user/TokenClientController'
R13=0x0000000000007eff is an unknown value
R14=0x00000000615f1a58 is pointing into metadata
R15=0x0000000068621ed0 is pointing into metadata


Stack: [0x0000000059360000,0x0000000059460000],  sp=0x000000005945f010,  free space=1020k
Native frames: (J=compiled Java code, j=interpreted, Vv=VM code, C=native code)
V  [jvm.dll+0x1b3492]
V  [jvm.dll+0x1ba0c7]
V  [jvm.dll+0x1baaf2]
V  [jvm.dll+0x231610]
V  [jvm.dll+0x192d31]
V  [jvm.dll+0x32ee64]
C  [jdwp.dll+0x9e6b]
C  [jdwp.dll+0xf09c]
C  [jdwp.dll+0x1f2c9]
C  [jdwp.dll+0x1f49e]
V  [jvm.dll+0x1ac128]
V  [jvm.dll+0x22c194]
V  [jvm.dll+0x28576a]
C  [msvcr100.dll+0x21d9f]
C  [msvcr100.dll+0x21e3b]
C  [kernel32.dll+0x159cd]
C  [ntdll.dll+0x2a561]


---------------  P R O C E S S  ---------------

Java Threads: ( => current thread )
  0x000000005c67e000 JavaThread "http-nio-7001-AsyncTimeout" daemon [_thread_blocked, id=12284, stack(0x000000006b3e0000,0x000000006b4e0000)]
  0x000000005c67d000 JavaThread "http-nio-7001-Acceptor-0" daemon [_thread_in_native, id=12820, stack(0x000000006b510000,0x000000006b610000)]
  0x000000005c67c800 JavaThread "http-nio-7001-ClientPoller-1" daemon [_thread_in_native, id=13228, stack(0x000000006b2b0000,0x000000006b3b0000)]
  0x000000005c67b800 JavaThread "http-nio-7001-ClientPoller-0" daemon [_thread_in_native, id=11476, stack(0x000000006b0d0000,0x000000006b1d0000)]
  0x000000005c67b000 JavaThread "http-nio-7001-exec-10" daemon [_thread_blocked, id=14300, stack(0x000000006a4a0000,0x000000006a5a0000)]
  0x00000000602e8000 JavaThread "http-nio-7001-exec-9" daemon [_thread_blocked, id=13876, stack(0x000000006afb0000,0x000000006b0b0000)]
  0x00000000602eb800 JavaThread "http-nio-7001-exec-8" daemon [_thread_blocked, id=11336, stack(0x000000006adf0000,0x000000006aef0000)]
  0x00000000602ec800 JavaThread "http-nio-7001-exec-7" daemon [_thread_blocked, id=13460, stack(0x000000006a710000,0x000000006a810000)]
  0x00000000602e9800 JavaThread "http-nio-7001-exec-6" daemon [_thread_blocked, id=12632, stack(0x000000006ac30000,0x000000006ad30000)]
  0x00000000602e5800 JavaThread "http-nio-7001-exec-5" daemon [_thread_blocked, id=12908, stack(0x000000006aa00000,0x000000006ab00000)]
  0x000000006330e000 JavaThread "http-nio-7001-exec-4" daemon [_thread_blocked, id=14304, stack(0x000000006a810000,0x000000006a910000)]
  0x000000006330b800 JavaThread "http-nio-7001-exec-3" daemon [_thread_blocked, id=11212, stack(0x000000006a5d0000,0x000000006a6d0000)]
  0x0000000063312800 JavaThread "http-nio-7001-exec-2" daemon [_thread_blocked, id=13816, stack(0x0000000069fe0000,0x000000006a0e0000)]
  0x000000006330d000 JavaThread "http-nio-7001-exec-1" daemon [_thread_blocked, id=4316, stack(0x000000006a390000,0x000000006a490000)]
  0x000000006330c800 JavaThread "NioBlockingSelector.BlockPoller-36" daemon [_thread_in_native, id=13696, stack(0x0000000069890000,0x0000000069990000)]
  0x000000005be82800 JavaThread "http-nio-7801-AsyncTimeout" daemon [_thread_blocked, id=13672, stack(0x0000000069c30000,0x0000000069d30000)]
  0x000000005be81000 JavaThread "http-nio-7801-Acceptor-0" daemon [_thread_in_native, id=14308, stack(0x0000000069ea0000,0x0000000069fa0000)]
  0x000000005be86800 JavaThread "http-nio-7801-ClientPoller-1" daemon [_thread_in_native, id=9444, stack(0x0000000069d70000,0x0000000069e70000)]
  0x000000005be85000 JavaThread "http-nio-7801-ClientPoller-0" daemon [_thread_in_native, id=11360, stack(0x0000000069630000,0x0000000069730000)]
  0x000000005be82000 JavaThread "http-nio-7801-exec-10" daemon [_thread_blocked, id=13188, stack(0x0000000069ac0000,0x0000000069bc0000)]
  0x000000005a2ce800 JavaThread "http-nio-7801-exec-9" daemon [_thread_blocked, id=5508, stack(0x0000000069990000,0x0000000069a90000)]
  0x000000005a2d3000 JavaThread "http-nio-7801-exec-8" daemon [_thread_blocked, id=11532, stack(0x0000000069790000,0x0000000069890000)]
  0x000000005a2d0000 JavaThread "http-nio-7801-exec-7" daemon [_thread_blocked, id=12208, stack(0x00000000693c0000,0x00000000694c0000)]
  0x000000005a2d1800 JavaThread "http-nio-7801-exec-6" daemon [_thread_blocked, id=13780, stack(0x00000000694c0000,0x00000000695c0000)]
  0x000000005a2d1000 JavaThread "http-nio-7801-exec-5" daemon [_thread_blocked, id=13280, stack(0x0000000068dc0000,0x0000000068ec0000)]
  0x000000005ff75800 JavaThread "http-nio-7801-exec-4" daemon [_thread_blocked, id=12836, stack(0x00000000692a0000,0x00000000693a0000)]
  0x000000005ff72800 JavaThread "http-nio-7801-exec-3" daemon [_thread_blocked, id=14076, stack(0x000000005b8b0000,0x000000005b9b0000)]
  0x000000005ff74000 JavaThread "http-nio-7801-exec-2" daemon [_thread_blocked, id=11472, stack(0x0000000069110000,0x0000000069210000)]
  0x000000005ff76000 JavaThread "http-nio-7801-exec-1" daemon [_thread_blocked, id=8040, stack(0x0000000068f60000,0x0000000069060000)]
  0x000000005ff73000 JavaThread "NioBlockingSelector.BlockPoller-35" daemon [_thread_in_native, id=10268, stack(0x0000000066db0000,0x0000000066eb0000)]
  0x000000005ff77000 JavaThread "container-1" [_thread_blocked, id=1116, stack(0x0000000066580000,0x0000000066680000)]
  0x00000000603a1800 JavaThread "ContainerBackgroundProcessor[StandardEngine[Tomcat-1]]" daemon [_thread_blocked, id=488, stack(0x0000000068ca0000,0x0000000068da0000)]
  0x00000000603a2800 JavaThread "pollingConfigurationSource" daemon [_thread_blocked, id=8860, stack(0x0000000068810000,0x0000000068910000)]
  0x000000006039c800 JavaThread "File Watcher" daemon [_thread_blocked, id=12656, stack(0x00000000669d0000,0x0000000066ad0000)]
  0x000000006039f800 JavaThread "spring.cloud.inetutils" daemon [_thread_blocked, id=4780, stack(0x0000000067b80000,0x0000000067c80000)]
  0x000000006039e800 JavaThread "container-0" [_thread_blocked, id=12424, stack(0x0000000063eb0000,0x0000000063fb0000)]
  0x00000000603a1000 JavaThread "ContainerBackgroundProcessor[StandardEngine[Tomcat]]" daemon [_thread_blocked, id=9084, stack(0x0000000064b30000,0x0000000064c30000)]
  0x000000005a024800 JavaThread "Log4j2-TF-92-Scheduled-18" daemon [_thread_blocked, id=12004, stack(0x00000000642d0000,0x00000000643d0000)]
  0x000000006039e000 JavaThread "pollingConfigurationSource" daemon [_thread_blocked, id=13348, stack(0x0000000067f20000,0x0000000068020000)]
  0x000000005be85800 JavaThread "pollingConfigurationSource" daemon [_thread_blocked, id=9244, stack(0x0000000067a80000,0x0000000067b80000)]
  0x000000005a2cf800 JavaThread "pollingConfigurationSource" daemon [_thread_blocked, id=14092, stack(0x0000000067600000,0x0000000067700000)]
  0x000000006330f800 JavaThread "pollingConfigurationSource" daemon [_thread_blocked, id=13344, stack(0x0000000067020000,0x0000000067120000)]
  0x00000000602e8800 JavaThread "pollingConfigurationSource" daemon [_thread_blocked, id=13084, stack(0x0000000067250000,0x0000000067350000)]
  0x000000005a2ce000 JavaThread "pollingConfigurationSource" daemon [_thread_blocked, id=14032, stack(0x0000000067150000,0x0000000067250000)]
  0x000000005be7f800 JavaThread "pollingConfigurationSource" daemon [_thread_blocked, id=13076, stack(0x0000000066be0000,0x0000000066ce0000)]
  0x000000005be84000 JavaThread "pollingConfigurationSource" daemon [_thread_blocked, id=12956, stack(0x0000000064e40000,0x0000000064f40000)]
  0x000000005ff74800 JavaThread "pollingConfigurationSource" daemon [_thread_blocked, id=12076, stack(0x0000000066ec0000,0x0000000066fc0000)]
  0x0000000063310000 JavaThread "pollingConfigurationSource" daemon [_thread_blocked, id=9132, stack(0x0000000066ad0000,0x0000000066bd0000)]
  0x000000005a2d4000 JavaThread "pollingConfigurationSource" daemon [_thread_blocked, id=13416, stack(0x0000000066340000,0x0000000066440000)]
  0x0000000063311000 JavaThread "pollingConfigurationSource" daemon [_thread_blocked, id=11600, stack(0x00000000666a0000,0x00000000667a0000)]
  0x00000000602eb000 JavaThread "pollingConfigurationSource" daemon [_thread_blocked, id=13664, stack(0x0000000066480000,0x0000000066580000)]
  0x00000000602ea000 JavaThread "pollingConfigurationSource" daemon [_thread_blocked, id=13868, stack(0x0000000064cd0000,0x0000000064dd0000)]
  0x000000005a2d2800 JavaThread "pollingConfigurationSource" daemon [_thread_blocked, id=11844, stack(0x0000000064f40000,0x0000000065040000)]
  0x000000005be83800 JavaThread "pollingConfigurationSource" daemon [_thread_blocked, id=12700, stack(0x00000000647c0000,0x00000000648c0000)]
  0x000000005ff79000 JavaThread "PollingServerListUpdater-1" daemon [_thread_blocked, id=11084, stack(0x0000000068480000,0x0000000068580000)]
  0x000000005ff78800 JavaThread "DataPublisher" daemon [_thread_blocked, id=12524, stack(0x0000000067900000,0x0000000067a00000)]
  0x000000005a027800 JavaThread "PollingServerListUpdater-0" daemon [_thread_blocked, id=12452, stack(0x0000000063fb0000,0x00000000640b0000)]
  0x000000005ff77800 JavaThread "DestroyJavaVM" [_thread_blocked, id=13900, stack(0x0000000002810000,0x0000000002910000)]
  0x000000005a025800 JavaThread "pollingConfigurationSource" daemon [_thread_blocked, id=13760, stack(0x000000005d790000,0x000000005d890000)]
  0x000000005891c000 JavaThread "Service Thread" daemon [_thread_blocked, id=7304, stack(0x0000000059c20000,0x0000000059d20000)]
  0x0000000058904000 JavaThread "C1 CompilerThread2" daemon [_thread_blocked, id=13532, stack(0x0000000059a00000,0x0000000059b00000)]
  0x00000000588e0800 JavaThread "C2 CompilerThread1" daemon [_thread_blocked, id=8312, stack(0x00000000595e0000,0x00000000596e0000)]
  0x00000000588a7000 JavaThread "C2 CompilerThread0" daemon [_thread_blocked, id=11304, stack(0x0000000059780000,0x0000000059880000)]
  0x0000000058896000 JavaThread "JDWP Command Reader" daemon [_thread_in_native, id=9976, stack(0x0000000059890000,0x0000000059990000)]
  0x0000000058892800 JavaThread "JDWP Event Helper Thread" daemon [_thread_blocked, id=13904, stack(0x0000000059070000,0x0000000059170000)]
=>0x0000000058887800 JavaThread "JDWP Transport Listener: dt_socket" daemon [_thread_in_vm, id=8748, stack(0x0000000059360000,0x0000000059460000)]
  0x0000000058873800 JavaThread "Attach Listener" daemon [_thread_blocked, id=12280, stack(0x0000000058cd0000,0x0000000058dd0000)]
  0x000000005751a000 JavaThread "Signal Dispatcher" daemon [_thread_blocked, id=11440, stack(0x0000000058dd0000,0x0000000058ed0000)]
  0x00000000574bf800 JavaThread "Finalizer" daemon [_thread_blocked, id=14152, stack(0x0000000058760000,0x0000000058860000)]
  0x00000000574b6800 JavaThread "Reference Handler" daemon [_thread_blocked, id=13504, stack(0x0000000058590000,0x0000000058690000)]

Other Threads:
  0x00000000574b3000 VMThread [stack: 0x0000000058440000,0x0000000058540000] [id=13820]
  0x000000005891d800 WatcherThread [stack: 0x0000000059dd0000,0x0000000059ed0000] [id=13828]

VM state:not at safepoint (normal execution)

VM Mutex/Monitor currently owned by a thread: None

Heap:
 PSYoungGen      total 654848K, used 621899K [0x00000000d6e00000, 0x0000000100000000, 0x0000000100000000)
  eden space 635904K, 97% used [0x00000000d6e00000,0x00000000fcd52c98,0x00000000fdb00000)
  from space 18944K, 0% used [0x00000000fed80000,0x00000000fed80000,0x0000000100000000)
  to   space 18944K, 0% used [0x00000000fdb00000,0x00000000fdb00000,0x00000000fed80000)
 ParOldGen       total 179200K, used 119995K [0x0000000084a00000, 0x000000008f900000, 0x00000000d6e00000)
  object space 179200K, 66% used [0x0000000084a00000,0x000000008bf2efd0,0x000000008f900000)
 Metaspace       used 71812K, capacity 76312K, committed 76544K, reserved 1116160K
  class space    used 8202K, capacity 9154K, committed 9216K, reserved 1048576K

Card table byte_map: [0x0000000011cd0000,0x00000000120b0000] byte_map_base: 0x00000000118ab000

Marking Bits: (ParMarkBitMap*) 0x000000005e07d4f0
 Begin Bits: [0x0000000012990000, 0x0000000014868000)
 End Bits:   [0x0000000014868000, 0x0000000016740000)

Polling page: 0x0000000000150000

CodeCache: size=245760Kb used=42543Kb max_used=42588Kb free=203216Kb
 bounds [0x0000000002910000, 0x00000000052f0000, 0x0000000011910000]
 total_blobs=9442 nmethods=8945 adapters=417
 compilation: enabled

Compilation events (10 events):
Event: 1361.962 Thread 0x0000000058904000 11690       1       org.springframework.context.event.ApplicationListenerMethodAdapter::getCondition (5 bytes)
Event: 1361.962 Thread 0x0000000058904000 nmethod 11690 0x00000000034c2710 code [0x00000000034c2860, 0x00000000034c2970]
Event: 1361.970 Thread 0x0000000058904000 11691       3       java.nio.channels.SocketChannel::<init> (6 bytes)
Event: 1361.971 Thread 0x0000000058904000 nmethod 11691 0x00000000052c5410 code [0x00000000052c5580, 0x00000000052c5728]
Event: 1373.222 Thread 0x0000000058904000 11692       1       com.netflix.config.PollResult::getCheckPoint (5 bytes)
Event: 1373.223 Thread 0x0000000058904000 nmethod 11692 0x00000000052c5150 code [0x00000000052c52a0, 0x00000000052c53b0]
Event: 1373.224 Thread 0x0000000058904000 11693       1       com.netflix.config.WatchedUpdateResult::isIncremental (5 bytes)
Event: 1373.225 Thread 0x0000000058904000 nmethod 11693 0x0000000002aa1390 code [0x0000000002aa14e0, 0x0000000002aa15f0]
Event: 1373.226 Thread 0x0000000058904000 11694       1       com.netflix.config.WatchedUpdateResult::getComplete (5 bytes)
Event: 1373.226 Thread 0x0000000058904000 nmethod 11694 0x0000000002aa10d0 code [0x0000000002aa1220, 0x0000000002aa1330]

GC Heap History (10 events):
Event: 1283.735 GC heap before
{Heap before GC invocations=56 (full 18):
 PSYoungGen      total 654848K, used 635904K [0x00000000d6e00000, 0x0000000100000000, 0x0000000100000000)
  eden space 635904K, 100% used [0x00000000d6e00000,0x00000000fdb00000,0x00000000fdb00000)
  from space 18944K, 0% used [0x00000000fdb00000,0x00000000fdb00000,0x00000000fed80000)
  to   space 18944K, 0% used [0x00000000fed80000,0x00000000fed80000,0x0000000100000000)
 ParOldGen       total 179200K, used 109558K [0x0000000084a00000, 0x000000008f900000, 0x00000000d6e00000)
  object space 179200K, 61% used [0x0000000084a00000,0x000000008b4fdb30,0x000000008f900000)
 Metaspace       used 70030K, capacity 74322K, committed 74496K, reserved 1114112K
  class space    used 8079K, capacity 8917K, committed 8960K, reserved 1048576K
Event: 1283.780 GC heap after
Heap after GC invocations=56 (full 18):
 PSYoungGen      total 653824K, used 13260K [0x00000000d6e00000, 0x0000000100000000, 0x0000000100000000)
  eden space 634880K, 0% used [0x00000000d6e00000,0x00000000d6e00000,0x00000000fda00000)
  from space 18944K, 69% used [0x00000000fed80000,0x00000000ffa730d0,0x0000000100000000)
  to   space 19456K, 0% used [0x00000000fda00000,0x00000000fda00000,0x00000000fed00000)
 ParOldGen       total 179200K, used 109566K [0x0000000084a00000, 0x000000008f900000, 0x00000000d6e00000)
  object space 179200K, 61% used [0x0000000084a00000,0x000000008b4ffb30,0x000000008f900000)
 Metaspace       used 70030K, capacity 74322K, committed 74496K, reserved 1114112K
  class space    used 8079K, capacity 8917K, committed 8960K, reserved 1048576K
}
Event: 1330.031 GC heap before
{Heap before GC invocations=57 (full 18):
 PSYoungGen      total 653824K, used 50488K [0x00000000d6e00000, 0x0000000100000000, 0x0000000100000000)
  eden space 634880K, 5% used [0x00000000d6e00000,0x00000000d925b220,0x00000000fda00000)
  from space 18944K, 69% used [0x00000000fed80000,0x00000000ffa730d0,0x0000000100000000)
  to   space 19456K, 0% used [0x00000000fda00000,0x00000000fda00000,0x00000000fed00000)
 ParOldGen       total 179200K, used 109566K [0x0000000084a00000, 0x000000008f900000, 0x00000000d6e00000)
  object space 179200K, 61% used [0x0000000084a00000,0x000000008b4ffb30,0x000000008f900000)
 Metaspace       used 70216K, capacity 74588K, committed 74752K, reserved 1116160K
  class space    used 8092K, capacity 8958K, committed 8960K, reserved 1048576K
Event: 1330.041 GC heap after
Heap after GC invocations=57 (full 18):
 PSYoungGen      total 654336K, used 6331K [0x00000000d6e00000, 0x0000000100000000, 0x0000000100000000)
  eden space 634880K, 0% used [0x00000000d6e00000,0x00000000d6e00000,0x00000000fda00000)
  from space 19456K, 32% used [0x00000000fda00000,0x00000000fe02edd8,0x00000000fed00000)
  to   space 18944K, 0% used [0x00000000fed80000,0x00000000fed80000,0x0000000100000000)
 ParOldGen       total 179200K, used 109574K [0x0000000084a00000, 0x000000008f900000, 0x00000000d6e00000)
  object space 179200K, 61% used [0x0000000084a00000,0x000000008b501b30,0x000000008f900000)
 Metaspace       used 70216K, capacity 74588K, committed 74752K, reserved 1116160K
  class space    used 8092K, capacity 8958K, committed 8960K, reserved 1048576K
}
Event: 1330.042 GC heap before
{Heap before GC invocations=58 (full 19):
 PSYoungGen      total 654336K, used 6331K [0x00000000d6e00000, 0x0000000100000000, 0x0000000100000000)
  eden space 634880K, 0% used [0x00000000d6e00000,0x00000000d6e00000,0x00000000fda00000)
  from space 19456K, 32% used [0x00000000fda00000,0x00000000fe02edd8,0x00000000fed00000)
  to   space 18944K, 0% used [0x00000000fed80000,0x00000000fed80000,0x0000000100000000)
 ParOldGen       total 179200K, used 109574K [0x0000000084a00000, 0x000000008f900000, 0x00000000d6e00000)
  object space 179200K, 61% used [0x0000000084a00000,0x000000008b501b30,0x000000008f900000)
 Metaspace       used 70216K, capacity 74588K, committed 74752K, reserved 1116160K
  class space    used 8092K, capacity 8958K, committed 8960K, reserved 1048576K
Event: 1331.645 GC heap after
Heap after GC invocations=58 (full 19):
 PSYoungGen      total 654336K, used 0K [0x00000000d6e00000, 0x0000000100000000, 0x0000000100000000)
  eden space 634880K, 0% used [0x00000000d6e00000,0x00000000d6e00000,0x00000000fda00000)
  from space 19456K, 0% used [0x00000000fda00000,0x00000000fda00000,0x00000000fed00000)
  to   space 18944K, 0% used [0x00000000fed80000,0x00000000fed80000,0x0000000100000000)
 ParOldGen       total 179200K, used 109363K [0x0000000084a00000, 0x000000008f900000, 0x00000000d6e00000)
  object space 179200K, 61% used [0x0000000084a00000,0x000000008b4ccda8,0x000000008f900000)
 Metaspace       used 70216K, capacity 74588K, committed 74752K, reserved 1116160K
  class space    used 8092K, capacity 8958K, committed 8960K, reserved 1048576K
}
Event: 1355.091 GC heap before
{Heap before GC invocations=59 (full 19):
 PSYoungGen      total 654336K, used 626102K [0x00000000d6e00000, 0x0000000100000000, 0x0000000100000000)
  eden space 634880K, 98% used [0x00000000d6e00000,0x00000000fd16da70,0x00000000fda00000)
  from space 19456K, 0% used [0x00000000fda00000,0x00000000fda00000,0x00000000fed00000)
  to   space 18944K, 0% used [0x00000000fed80000,0x00000000fed80000,0x0000000100000000)
 ParOldGen       total 179200K, used 109363K [0x0000000084a00000, 0x000000008f900000, 0x00000000d6e00000)
  object space 179200K, 61% used [0x0000000084a00000,0x000000008b4ccda8,0x000000008f900000)
 Metaspace       used 71219K, capacity 75632K, committed 75776K, reserved 1116160K
  class space    used 8160K, capacity 9106K, committed 9216K, reserved 1048576K
Event: 1355.115 GC heap after
Heap after GC invocations=59 (full 19):
 PSYoungGen      total 654848K, used 11606K [0x00000000d6e00000, 0x0000000100000000, 0x0000000100000000)
  eden space 635904K, 0% used [0x00000000d6e00000,0x00000000d6e00000,0x00000000fdb00000)
  from space 18944K, 61% used [0x00000000fed80000,0x00000000ff8d5910,0x0000000100000000)
  to   space 18944K, 0% used [0x00000000fdb00000,0x00000000fdb00000,0x00000000fed80000)
 ParOldGen       total 179200K, used 109363K [0x0000000084a00000, 0x000000008f900000, 0x00000000d6e00000)
  object space 179200K, 61% used [0x0000000084a00000,0x000000008b4ccda8,0x000000008f900000)
 Metaspace       used 71219K, capacity 75632K, committed 75776K, reserved 1116160K
  class space    used 8160K, capacity 9106K, committed 9216K, reserved 1048576K
}
Event: 1355.115 GC heap before
{Heap before GC invocations=60 (full 20):
 PSYoungGen      total 654848K, used 11606K [0x00000000d6e00000, 0x0000000100000000, 0x0000000100000000)
  eden space 635904K, 0% used [0x00000000d6e00000,0x00000000d6e00000,0x00000000fdb00000)
  from space 18944K, 61% used [0x00000000fed80000,0x00000000ff8d5910,0x0000000100000000)
  to   space 18944K, 0% used [0x00000000fdb00000,0x00000000fdb00000,0x00000000fed80000)
 ParOldGen       total 179200K, used 109363K [0x0000000084a00000, 0x000000008f900000, 0x00000000d6e00000)
  object space 179200K, 61% used [0x0000000084a00000,0x000000008b4ccda8,0x000000008f900000)
 Metaspace       used 71219K, capacity 75632K, committed 75776K, reserved 1116160K
  class space    used 8160K, capacity 9106K, committed 9216K, reserved 1048576K
Event: 1355.581 GC heap after
Heap after GC invocations=60 (full 20):
 PSYoungGen      total 654848K, used 0K [0x00000000d6e00000, 0x0000000100000000, 0x0000000100000000)
  eden space 635904K, 0% used [0x00000000d6e00000,0x00000000d6e00000,0x00000000fdb00000)
  from space 18944K, 0% used [0x00000000fed80000,0x00000000fed80000,0x0000000100000000)
  to   space 18944K, 0% used [0x00000000fdb00000,0x00000000fdb00000,0x00000000fed80000)
 ParOldGen       total 179200K, used 119995K [0x0000000084a00000, 0x000000008f900000, 0x00000000d6e00000)
  object space 179200K, 66% used [0x0000000084a00000,0x000000008bf2efd0,0x000000008f900000)
 Metaspace       used 71219K, capacity 75632K, committed 75776K, reserved 1116160K
  class space    used 8160K, capacity 9106K, committed 9216K, reserved 1048576K
}

Deoptimization events (10 events):
Event: 1361.959 Thread 0x000000005a024000 Uncommon trap: reason=unhandled action=none pc=0x000000000422b3c8 method=org.springframework.beans.factory.support.DefaultListableBeanFactory.getBeanDefinition(Ljava/lang/String;)Lorg/springframework/beans/factory/config/BeanDefinition; @ 75
Event: 1361.959 Thread 0x000000005a024000 Uncommon trap: reason=unhandled action=none pc=0x0000000003e801b0 method=java.lang.Class.getDeclaredMethod(Ljava/lang/String;[Ljava/lang/Class;)Ljava/lang/reflect/Method; @ 64
Event: 1361.960 Thread 0x000000005a024000 Uncommon trap: reason=unhandled action=none pc=0x000000000422b3c8 method=org.springframework.beans.factory.support.DefaultListableBeanFactory.getBeanDefinition(Ljava/lang/String;)Lorg/springframework/beans/factory/config/BeanDefinition; @ 75
Event: 1361.961 Thread 0x000000005a024000 Uncommon trap: reason=unhandled action=none pc=0x0000000003e801b0 method=java.lang.Class.getDeclaredMethod(Ljava/lang/String;[Ljava/lang/Class;)Ljava/lang/reflect/Method; @ 64
Event: 1361.965 Thread 0x000000005a024000 Uncommon trap: reason=unhandled action=none pc=0x0000000003e801b0 method=java.lang.Class.getDeclaredMethod(Ljava/lang/String;[Ljava/lang/Class;)Ljava/lang/reflect/Method; @ 64
Event: 1361.966 Thread 0x000000005a024000 Uncommon trap: reason=unhandled action=none pc=0x0000000003e801b0 method=java.lang.Class.getDeclaredMethod(Ljava/lang/String;[Ljava/lang/Class;)Ljava/lang/reflect/Method; @ 64
Event: 1361.966 Thread 0x000000005a024000 Uncommon trap: reason=unhandled action=none pc=0x0000000003e801b0 method=java.lang.Class.getDeclaredMethod(Ljava/lang/String;[Ljava/lang/Class;)Ljava/lang/reflect/Method; @ 64
Event: 1361.967 Thread 0x000000005a024000 Uncommon trap: reason=unhandled action=none pc=0x0000000003e801b0 method=java.lang.Class.getDeclaredMethod(Ljava/lang/String;[Ljava/lang/Class;)Ljava/lang/reflect/Method; @ 64
Event: 1361.967 Thread 0x000000005a024000 Uncommon trap: reason=unhandled action=none pc=0x0000000003e801b0 method=java.lang.Class.getDeclaredMethod(Ljava/lang/String;[Ljava/lang/Class;)Ljava/lang/reflect/Method; @ 64
Event: 1361.967 Thread 0x000000005a024000 Uncommon trap: reason=unhandled action=none pc=0x0000000003e801b0 method=java.lang.Class.getDeclaredMethod(Ljava/lang/String;[Ljava/lang/Class;)Ljava/lang/reflect/Method; @ 64

Internal exceptions (10 events):
Event: 1361.812 Thread 0x000000005a024000 Exception <a 'java/lang/ArrayIndexOutOfBoundsException': 6> (0x00000000fa8d54a0) thrown at [C:\workspace\8-2-build-windows-amd64-cygwin\jdk8u31\2394\hotspot\src\share\vm\interpreter\interpreterRuntime.cpp, line 366]
Event: 1361.813 Thread 0x000000005a024000 Exception <a 'java/lang/ArrayIndexOutOfBoundsException': 6> (0x00000000fa8e45f0) thrown at [C:\workspace\8-2-build-windows-amd64-cygwin\jdk8u31\2394\hotspot\src\share\vm\interpreter\interpreterRuntime.cpp, line 366]
Event: 1361.839 Thread 0x000000005a024000 Exception <a 'java/security/PrivilegedActionException'> (0x00000000face7400) thrown at [C:\workspace\8-2-build-windows-amd64-cygwin\jdk8u31\2394\hotspot\src\share\vm\prims\jvm.cpp, line 1312]
Event: 1361.843 Thread 0x000000005a024000 Exception <a 'java/lang/ArrayIndexOutOfBoundsException': 55> (0x00000000fadb52e0) thrown at [C:\workspace\8-2-build-windows-amd64-cygwin\jdk8u31\2394\hotspot\src\share\vm\interpreter\interpreterRuntime.cpp, line 366]
Event: 1361.843 Thread 0x000000005a024000 Exception <a 'java/lang/ArrayIndexOutOfBoundsException': 56> (0x00000000fadba7e8) thrown at [C:\workspace\8-2-build-windows-amd64-cygwin\jdk8u31\2394\hotspot\src\share\vm\interpreter\interpreterRuntime.cpp, line 366]
Event: 1361.844 Thread 0x000000005a024000 Exception <a 'java/lang/ArrayIndexOutOfBoundsException': 55> (0x00000000fadf06e8) thrown at [C:\workspace\8-2-build-windows-amd64-cygwin\jdk8u31\2394\hotspot\src\share\vm\interpreter\interpreterRuntime.cpp, line 366]
Event: 1361.878 Thread 0x000000005a024000 Exception <a 'java/security/PrivilegedActionException'> (0x00000000fb2e9828) thrown at [C:\workspace\8-2-build-windows-amd64-cygwin\jdk8u31\2394\hotspot\src\share\vm\prims\jvm.cpp, line 1312]
Event: 1361.912 Thread 0x000000005a024000 Exception <a 'java/lang/ArrayIndexOutOfBoundsException': 44> (0x00000000fb80b4e0) thrown at [C:\workspace\8-2-build-windows-amd64-cygwin\jdk8u31\2394\hotspot\src\share\vm\interpreter\interpreterRuntime.cpp, line 366]
Event: 1361.931 Thread 0x000000005a024000 Exception <a 'java/security/PrivilegedActionException'> (0x00000000fb9ee428) thrown at [C:\workspace\8-2-build-windows-amd64-cygwin\jdk8u31\2394\hotspot\src\share\vm\prims\jvm.cpp, line 1312]
Event: 1361.935 Thread 0x000000005a024000 Exception <a 'java/lang/ArrayIndexOutOfBoundsException': 22> (0x00000000fba7dbd0) thrown at [C:\workspace\8-2-build-windows-amd64-cygwin\jdk8u31\2394\hotspot\src\share\vm\interpreter\interpreterRuntime.cpp, line 366]

Events (10 events):
Event: 1361.982 Thread 0x00000000603a0000 Thread exited: 0x00000000603a0000
Event: 1363.400 Executing VM operation: RevokeBias
Event: 1363.401 Executing VM operation: RevokeBias done
Event: 1363.401 Executing VM operation: RevokeBias
Event: 1363.401 Executing VM operation: RevokeBias done
Event: 1369.244 Thread 0x000000005a026000 Thread exited: 0x000000005a026000
Event: 1369.244 Thread 0x000000005a029000 Thread exited: 0x000000005a029000
Event: 1371.416 Thread 0x00000000603a3000 Thread exited: 0x00000000603a3000
Event: 1371.417 Thread 0x000000006039d000 Thread exited: 0x000000006039d000
Event: 1373.223 Thread 0x0000000058904000 flushing nmethod 0x0000000002a9fad0


Dynamic libraries:
0x000000013fec0000 - 0x000000013fef4000 	C:\Program Files\Java\jdk1.8.0_31\bin\javaw.exe
0x0000000077bf0000 - 0x0000000077d9a000 	C:\Windows\SYSTEM32\ntdll.dll
0x00000000779d0000 - 0x0000000077aef000 	C:\Windows\system32\kernel32.dll
0x000007fefda10000 - 0x000007fefda7a000 	C:\Windows\system32\KERNELBASE.dll
0x000007fefebc0000 - 0x000007fefec9b000 	C:\Windows\system32\ADVAPI32.dll
0x000007feffd30000 - 0x000007feffdcf000 	C:\Windows\system32\msvcrt.dll
0x000007fefe1c0000 - 0x000007fefe1df000 	C:\Windows\SYSTEM32\sechost.dll
0x000007fefddc0000 - 0x000007fefdeed000 	C:\Windows\system32\RPCRT4.dll
0x0000000077af0000 - 0x0000000077bea000 	C:\Windows\system32\USER32.dll
0x000007fefe1e0000 - 0x000007fefe247000 	C:\Windows\system32\GDI32.dll
0x000007fefe430000 - 0x000007fefe43e000 	C:\Windows\system32\LPK.dll
0x000007feffc60000 - 0x000007feffd2b000 	C:\Windows\system32\USP10.dll
0x000007fefc370000 - 0x000007fefc564000 	C:\Windows\WinSxS\amd64_microsoft.windows.common-controls_6595b64144ccf1df_6.0.7601.18837_none_fa3b1e3d17594757\COMCTL32.dll
0x000007fefe670000 - 0x000007fefe6e1000 	C:\Windows\system32\SHLWAPI.dll
0x000007fefe640000 - 0x000007fefe66e000 	C:\Windows\system32\IMM32.DLL
0x000007feffdf0000 - 0x000007feffef9000 	C:\Windows\system32\MSCTF.dll
0x0000000065060000 - 0x0000000065132000 	C:\Program Files\Java\jdk1.8.0_31\jre\bin\msvcr100.dll
0x000000005d8a0000 - 0x000000005e0fa000 	C:\Program Files\Java\jdk1.8.0_31\jre\bin\server\jvm.dll
0x000007fef8820000 - 0x000007fef8829000 	C:\Windows\system32\WSOCK32.dll
0x000007fefea20000 - 0x000007fefea6d000 	C:\Windows\system32\WS2_32.dll
0x000007fefea70000 - 0x000007fefea78000 	C:\Windows\system32\NSI.dll
0x000007fefb3a0000 - 0x000007fefb3db000 	C:\Windows\system32\WINMM.dll
0x0000000077db0000 - 0x0000000077db7000 	C:\Windows\system32\PSAPI.DLL
0x0000000074320000 - 0x000000007432f000 	C:\Program Files\Java\jdk1.8.0_31\jre\bin\verify.dll
0x00000000741a0000 - 0x00000000741c8000 	C:\Program Files\Java\jdk1.8.0_31\jre\bin\java.dll
0x000000006cd40000 - 0x000000006cd75000 	C:\Program Files\Java\jdk1.8.0_31\jre\bin\jdwp.dll
0x00000000704d0000 - 0x00000000704d8000 	C:\Program Files\Java\jdk1.8.0_31\jre\bin\npt.dll
0x0000000074280000 - 0x0000000074296000 	C:\Program Files\Java\jdk1.8.0_31\jre\bin\zip.dll
0x000007fefed40000 - 0x000007feffaca000 	C:\Windows\system32\SHELL32.dll
0x000007fefe440000 - 0x000007fefe63c000 	C:\Windows\system32\ole32.dll
0x000007fefd8f0000 - 0x000007fefd8ff000 	C:\Windows\system32\profapi.dll
0x00000000704e0000 - 0x00000000704e9000 	C:\Program Files\Java\jdk1.8.0_31\jre\bin\dt_socket.dll
0x000007fefb380000 - 0x000007fefb395000 	C:\Windows\system32\NLAapi.dll
0x000007fef6f00000 - 0x000007fef6f15000 	C:\Windows\system32\napinsp.dll
0x000007fef6ee0000 - 0x000007fef6ef9000 	C:\Windows\system32\pnrpnsp.dll
0x000007fefd080000 - 0x000007fefd0d5000 	C:\Windows\System32\mswsock.dll
0x000007fefcf00000 - 0x000007fefcf5b000 	C:\Windows\system32\DNSAPI.dll
0x000007fef6ed0000 - 0x000007fef6edb000 	C:\Windows\System32\winrnr.dll
0x0000000070f80000 - 0x0000000070fa6000 	C:\Program Files\Bonjour\mdnsNSP.dll
0x000007fefc1a0000 - 0x000007fefc1c7000 	C:\Windows\system32\Iphlpapi.DLL
0x000007fefc190000 - 0x000007fefc19b000 	C:\Windows\system32\WINNSI.DLL
0x000007fefac90000 - 0x000007feface3000 	C:\Windows\System32\fwpuclnt.dll
0x000007fef5930000 - 0x000007fef5938000 	C:\Windows\system32\rasadhlp.dll
0x000007fefcb10000 - 0x000007fefcb17000 	C:\Windows\System32\wshtcpip.dll
0x0000000074020000 - 0x000000007402d000 	C:\Program Files\Java\jdk1.8.0_31\jre\bin\management.dll
0x0000000074180000 - 0x000000007419a000 	C:\Program Files\Java\jdk1.8.0_31\jre\bin\net.dll
0x000007fefd070000 - 0x000007fefd077000 	C:\Windows\System32\wship6.dll
0x0000000074160000 - 0x0000000074171000 	C:\Program Files\Java\jdk1.8.0_31\jre\bin\nio.dll
0x000007fefabf0000 - 0x000007fefac08000 	C:\Windows\system32\dhcpcsvc.DLL
0x000007fefabd0000 - 0x000007fefabe1000 	C:\Windows\system32\dhcpcsvc6.DLL
0x000007fefd0e0000 - 0x000007fefd0f8000 	C:\Windows\system32\CRYPTSP.dll
0x000007fefcde0000 - 0x000007fefce27000 	C:\Windows\system32\rsaenh.dll
0x000007fefda90000 - 0x000007fefdaae000 	C:\Windows\system32\USERENV.dll
0x000007fefd780000 - 0x000007fefd78f000 	C:\Windows\system32\CRYPTBASE.dll
0x0000000074130000 - 0x0000000074154000 	C:\Program Files\Java\jdk1.8.0_31\jre\bin\sunec.dll
0x000007fef76a0000 - 0x000007fef77c5000 	C:\Windows\system32\dbghelp.dll

VM Arguments:
jvm_args: -agentlib:jdwp=transport=dt_socket,suspend=y,address=localhost:51274 -Dfile.encoding=UTF-8 
java_command: com.huixiaoer.xxx.api.AppWebXxx
java_class_path (initial): D:\springboot_framework\xxx-web\target\classes;E:\mvnrepository\org\springframework\boot\spring-boot-starter-web\1.5.9.RELEASE\spring-boot-starter-web-1.5.9.RELEASE.jar;E:\mvnrepository\org\springframework\boot\spring-boot-starter\1.5.9.RELEASE\spring-boot-starter-1.5.9.RELEASE.jar;E:\mvnrepository\org\yaml\snakeyaml\1.17\snakeyaml-1.17.jar;E:\mvnrepository\org\springframework\boot\spring-boot-starter-tomcat\1.5.9.RELEASE\spring-boot-starter-tomcat-1.5.9.RELEASE.jar;E:\mvnrepository\org\apache\tomcat\embed\tomcat-embed-core\8.5.23\tomcat-embed-core-8.5.23.jar;E:\mvnrepository\org\apache\tomcat\tomcat-annotations-api\8.5.23\tomcat-annotations-api-8.5.23.jar;E:\mvnrepository\org\apache\tomcat\embed\tomcat-embed-el\8.5.23\tomcat-embed-el-8.5.23.jar;E:\mvnrepository\org\apache\tomcat\embed\tomcat-embed-websocket\8.5.23\tomcat-embed-websocket-8.5.23.jar;E:\mvnrepository\org\hibernate\hibernate-validator\5.3.6.Final\hibernate-validator-5.3.6.Final.jar;E:\mvnrepository\javax\validation\validation-api\1.1.0.Final\validation-api-1.1.0.Final.jar;E:\mvnrepository\org\jboss\logging\jboss-logging\3.3.1.Final\jboss-logging-3.3.1.Final.jar;E:\mvnrepository\com\fasterxml\jackson\core\jackson-databind\2.8.10\jackson-databind-2.8.10.jar;E:\mvnrepository\com\fasterxml\jackson\core\jackson-annotations\2.8.0\jackson-annotations-2.8.0.jar;E:\mvnrepository\com\fasterxml\jackson\core\jackson-core\2.8.10\jackson-core-2.8.10.jar;E:\mvnrepository\org\springframework\spring-web\4.3.13.RELEASE\spring-web-4.3.13.RELEASE.jar;E:\mvnrepository\org\springframework\spring-beans\4.3.13.RELEASE\spring-beans-4.3.13.RELEASE.jar;E:\mvnrepository\org\springframework\spring-context\4.3.13.RELEASE\spring-context-4.3.13.RELEASE.jar;E:\mvnrepository\org\springframework\spring-webmvc\4.3.13.RELEASE\spring-webmvc-4.3.13.RELEASE.jar;E:\mvnrepository\org\springframework\spring-expression\4.3.13.RELEASE\spring-expression-4.3.13.RELEASE.jar;E:\mvnrepository\org\springframework\boot\sprin
Launcher Type: SUN_STANDARD

Environment Variables:
JAVA_HOME=C:\Program Files\Java\jdk1.8.0_31
JRE_HOME=C:\Program Files\Java\jre7
PATH=C:\Program Files\Java\jdk1.8.0_31\jre\bin;C:/Program Files/Java/jdk1.8.0_31/jre/bin/server;C:/Program Files/Java/jdk1.8.0_31/jre/bin;C:/Program Files/Java/jdk1.8.0_31/jre/lib/amd64;D:\study\phantomjs-2.1.1-windows/bin;D:\opensources\gradle-3.0\bin;C:\Users\admin\AppData\Roaming\npm\node_modules;C:\Program Files\nodejs\bin;D:\opensources\ice3.6.3\bin;C:\Program Files (x86)\Python35-32;C:\Program Files (x86)\Python35-32\Scripts;D:/opensources/mysql-5.7.15-winx64/bin;C:\Program Files\Java\jdk1.8.0_31/bin;C:\ProgramData\Oracle\Java\javapath;D:\opensources\apache-ant-1.9.4/bin;D:\opensources\apache-maven-3.5.2/bin;C:\Windows\system32;C:\Windows;C:\Windows\System32\Wbem;C:\Windows\System32\WindowsPowerShell\v1.0\;C:\Program Files\Intel\WiFi\bin\;C:\Program Files\Common Files\Intel\WirelessCommon\;C:\Program Files\Lenovo\Fingerprint Manager Pro\;C:\Program Files\TortoiseSVN\bin;C:\Program Files\nodejs\;C:\Program Files\Git\cmd;D:\opensources\gradle-3.0\bin;C:\Users\admin\AppData\Roaming\npm\node_modules;C:\Program Files\nodejs\bin;D:\opensources\ice3.6.3\bin;C:\Program Files (x86)\Python35-32;C:\Program Files (x86)\Python35-32\Scripts;D:/opensources/mysql-5.7.15-winx64/bin;C:\Program Files\Java\jdk1.8.0_31/bin;C:\ProgramData\Oracle\Java\javapath;D:\opensources\apache-ant-1.9.4/bin;D:\opensources\apache-maven-3.2.3/bin;C:\Windows\system32;C:\Windows;C:\Windows\System32\Wbem;C:\Windows\System32\WindowsPowerShell\v1.0\;C:\Program Files\Intel\WiFi\bin\;C:\Program Files\Common Files\Intel\WirelessCommon\;C:\Program Files\Lenovo\Fingerprint Manager Pro\;C:\Program Files\TortoiseSVN\bin;C:\Program Files\Git\cmd;C:\Program Files\nodejs\;C:\Program Files (x86)\Cloudbility\CloudGateway\bin;C:\Users\admin\AppData\Roaming\npm;C:\Program Files (x86)\Fiddler2;C:\Windows\system32;
USERNAME=admin
OS=Windows_NT
PROCESSOR_IDENTIFIER=Intel64 Family 6 Model 69 Stepping 1, GenuineIntel



---------------  S Y S T E M  ---------------

OS: Windows 7 , 64 bit Build 7601 Service Pack 1

CPU:total 4 (2 cores per cpu, 2 threads per core) family 6 model 69 stepping 1, cmov, cx8, fxsr, mmx, sse, sse2, sse3, ssse3, sse4.1, sse4.2, popcnt, avx, avx2, aes, clmul, erms, lzcnt, ht, tsc, tscinvbit, bmi1, bmi2

Memory: 4k page, physical 8085184k(2306084k free), swap 16168508k(9890904k free)

vm_info: Java HotSpot(TM) 64-Bit Server VM (25.31-b07) for windows-amd64 JRE (1.8.0_31-b13), built on Dec 17 2014 21:00:28 by "java_re" with MS VC++ 10.0 (VS2010)

time: Sun Dec 17 17:45:21 2017
elapsed time: 1374 seconds (0d 0h 22m 54s)

